TN:
SF:lib\availability.ts
FN:22,buildAvailabilitySlots
FN:74,filterAvailableTimes
FN:75,(anonymous_2)
FN:75,(anonymous_3)
FNF:4
FNH:4
FNDA:2,buildAvailabilitySlots
FNDA:1,filterAvailableTimes
FNDA:18,(anonymous_2)
FNDA:17,(anonymous_3)
DA:22,1
DA:31,2
DA:33,2
DA:34,2
DA:35,2
DA:36,28
DA:37,28
DA:38,28
DA:40,26
DA:41,26
DA:42,26
DA:46,26
DA:47,26
DA:49,26
DA:50,26
DA:51,32
DA:52,32
DA:53,32
DA:54,32
DA:55,32
DA:56,0
DA:57,0
DA:58,0
DA:59,0
DA:61,32
DA:63,32
DA:64,5
DA:65,5
DA:69,26
DA:71,2
DA:74,1
DA:75,18
LF:32
LH:28
BRDA:25,0,0,0
BRDA:28,1,0,0
BRDA:29,2,0,0
BRDA:30,3,0,0
BRDA:38,4,0,2
BRDA:53,5,0,32
BRDA:53,5,1,0
BRDA:53,6,0,32
BRDA:53,6,1,32
BRDA:56,7,0,0
BRDA:57,8,0,0
BRDA:57,8,1,0
BRDA:57,9,0,0
BRDA:57,9,1,0
BRDA:61,10,0,32
BRDA:61,11,0,32
BRDA:61,11,1,32
BRDA:63,12,0,5
BRDA:63,13,0,32
BRDA:63,13,1,10
BRF:20
BRH:10
end_of_record
